Flow report for led_0_7
Tue Mar 17 18:33:58 2020
Quartus Prime Version 18.1.0 Build 625 09/12/2018 SJ Lite Edition


---------------------
; Table of Contents ;
---------------------
  1. Legal Notice
  2. Flow Summary
  3. Flow Settings
  4. Flow Non-Default Global Settings
  5. Flow Elapsed Time
  6. Flow OS Summary
  7. Flow Log
  8. Flow Messages
  9. Flow Suppressed Messages



----------------
; Legal Notice ;
----------------
Copyright (C) 2018  Intel Corporation. All rights reserved.
Your use of Intel Corporation's design tools, logic functions 
and other software and tools, and its AMPP partner logic 
functions, and any output files from any of the foregoing 
(including device programming or simulation files), and any 
associated documentation or information are expressly subject 
to the terms and conditions of the Intel Program License 
Subscription Agreement, the Intel Quartus Prime License Agreement,
the Intel FPGA IP License Agreement, or other applicable license
agreement, including, without limitation, that your use is for
the sole purpose of programming logic devices manufactured by
Intel and sold by Intel or its authorized distributors.  Please
refer to the applicable agreement for further details.



+----------------------------------------------------------------------------------+
; Flow Summary                                                                     ;
+------------------------------------+---------------------------------------------+
; Flow Status                        ; Successful - Tue Mar 17 18:33:54 2020       ;
; Quartus Prime Version              ; 18.1.0 Build 625 09/12/2018 SJ Lite Edition ;
; Revision Name                      ; led_0_7                                     ;
; Top-level Entity Name              ; led_0_7                                     ;
; Family                             ; Cyclone IV E                                ;
; Device                             ; EP4CE6E22C8                                 ;
; Timing Models                      ; Final                                       ;
; Total logic elements               ; 30 / 6,272 ( < 1 % )                        ;
;     Total combinational functions  ; 30 / 6,272 ( < 1 % )                        ;
;     Dedicated logic registers      ; 16 / 6,272 ( < 1 % )                        ;
; Total registers                    ; 16                                          ;
; Total pins                         ; 18 / 92 ( 20 % )                            ;
; Total virtual pins                 ; 0                                           ;
; Total memory bits                  ; 0 / 276,480 ( 0 % )                         ;
; Embedded Multiplier 9-bit elements ; 0 / 30 ( 0 % )                              ;
; Total PLLs                         ; 0 / 2 ( 0 % )                               ;
+------------------------------------+---------------------------------------------+


+-----------------------------------------+
; Flow Settings                           ;
+-------------------+---------------------+
; Option            ; Setting             ;
+-------------------+---------------------+
; Start date & time ; 03/17/2020 18:33:30 ;
; Main task         ; Compilation         ;
; Revision Name     ; led_0_7             ;
+-------------------+---------------------+


+-----------------------------------------------------------------------------------------------------------------------------------------------------------------------------------+
; Flow Non-Default Global Settings                                                                                                                                                  ;
+---------------------------------------+--------------------------------------------------------------------------------------------+---------------+-------------+----------------+
; Assignment Name                       ; Value                                                                                      ; Default Value ; Entity Name ; Section Id     ;
+---------------------------------------+--------------------------------------------------------------------------------------------+---------------+-------------+----------------+
; COMPILER_SIGNATURE_ID                 ; 93383154625813.158446640905580                                                             ; --            ; --          ; --             ;
; MAX_CORE_JUNCTION_TEMP                ; 85                                                                                         ; --            ; --          ; --             ;
; MIN_CORE_JUNCTION_TEMP                ; 0                                                                                          ; --            ; --          ; --             ;
; MISC_FILE                             ; G:/做视频教材要用的/VHDL/7段数码管动态显示0-7/led_0_7.dpf                                  ; --            ; --          ; --             ;
; MISC_FILE                             ; E:/A-C5FB/A-C8V4开发板-整理的VHDL程序/17实验十七：八位数码管动态显示0-7/led_0_7.dpf        ; --            ; --          ; --             ;
; MISC_FILE                             ; G:/A-C5FB/A-C5FB/A-C8V4开发板-整理的VHDL程序/17实验十七：八位数码管动态显示0-7/led_0_7.dpf ; --            ; --          ; --             ;
; MISC_FILE                             ; D:/C-M240/VHDL-Examples/17digital tube display-0-7/led_0_7.dpf                             ; --            ; --          ; --             ;
; MISC_FILE                             ; E:/A-C2FB English/VHDL-Examples/17digital tube display-0-7/led_0_7.dpf                     ; --            ; --          ; --             ;
; PARTITION_COLOR                       ; -- (Not supported for targeted family)                                                     ; --            ; --          ; Top            ;
; PARTITION_FITTER_PRESERVATION_LEVEL   ; -- (Not supported for targeted family)                                                     ; --            ; --          ; Top            ;
; PARTITION_NETLIST_TYPE                ; -- (Not supported for targeted family)                                                     ; --            ; --          ; Top            ;
; POWER_EXT_SUPPLY_VOLTAGE_TO_REGULATOR ; -- (Not supported for targeted family)                                                     ; --            ; --          ; --             ;
; USE_GENERATED_PHYSICAL_CONSTRAINTS    ; Off                                                                                        ; --            ; --          ; eda_blast_fpga ;
+---------------------------------------+--------------------------------------------------------------------------------------------+---------------+-------------+----------------+


+--------------------------------------------------------------------------------------------------------------------------+
; Flow Elapsed Time                                                                                                        ;
+----------------------+--------------+-------------------------+---------------------+------------------------------------+
; Module Name          ; Elapsed Time ; Average Processors Used ; Peak Virtual Memory ; Total CPU Time (on all processors) ;
+----------------------+--------------+-------------------------+---------------------+------------------------------------+
; Analysis & Synthesis ; 00:00:13     ; 1.0                     ; 4791 MB             ; 00:00:28                           ;
; Fitter               ; 00:00:07     ; 1.0                     ; 5487 MB             ; 00:00:06                           ;
; Assembler            ; 00:00:01     ; 1.0                     ; 4673 MB             ; 00:00:01                           ;
; Timing Analyzer      ; 00:00:03     ; 1.0                     ; 4751 MB             ; 00:00:02                           ;
; Total                ; 00:00:24     ; --                      ; --                  ; 00:00:37                           ;
+----------------------+--------------+-------------------------+---------------------+------------------------------------+


+------------------------------------------------------------------------------------+
; Flow OS Summary                                                                    ;
+----------------------+------------------+------------+------------+----------------+
; Module Name          ; Machine Hostname ; OS Name    ; OS Version ; Processor type ;
+----------------------+------------------+------------+------------+----------------+
; Analysis & Synthesis ; DESKTOP-766IFVP  ; Windows 10 ; 10.0       ; x86_64         ;
; Fitter               ; DESKTOP-766IFVP  ; Windows 10 ; 10.0       ; x86_64         ;
; Assembler            ; DESKTOP-766IFVP  ; Windows 10 ; 10.0       ; x86_64         ;
; Timing Analyzer      ; DESKTOP-766IFVP  ; Windows 10 ; 10.0       ; x86_64         ;
+----------------------+------------------+------------+------------+----------------+


------------
; Flow Log ;
------------
quartus_map --read_settings_files=on --write_settings_files=off led_0_7 -c led_0_7
quartus_fit --read_settings_files=off --write_settings_files=off led_0_7 -c led_0_7
quartus_asm --read_settings_files=off --write_settings_files=off led_0_7 -c led_0_7
quartus_sta led_0_7 -c led_0_7



